1636227480825	geckodriver	INFO	Listening on 127.0.0.1:60180
1636227483877	mozrunner::runner	INFO	Running command: "C:\\Program Files\\Mozilla Firefox\\firefox.exe" "--marionette" "-no-remote" "-profile" "C:\\Users\\leandro\\AppData\\Local\\Temp\\rust_mozprofileNayxvm"
1636227485054	Marionette	INFO	Marionette enabled
console.warn: SearchSettings: "get: No settings file exists, new profile?" (new NotFoundError("Could not open the file at C:\\Users\\leandro\\AppData\\Local\\Temp\\rust_mozprofileNayxvm\\search.json.mozlz4", (void 0)))
1636227490455	Marionette	INFO	Listening on port 60194
1636227490548	Marionette	WARN	TLS certificate errors will be ignored for this session
1636227501305	Marionette	INFO	Stopped listening on port 60194
1636227629576	geckodriver	INFO	Listening on 127.0.0.1:60440
1636227632585	mozrunner::runner	INFO	Running command: "C:\\Program Files\\Mozilla Firefox\\firefox.exe" "--marionette" "-no-remote" "-profile" "C:\\Users\\leandro\\AppData\\Local\\Temp\\rust_mozprofileMTIRIL"
1636227634111	Marionette	INFO	Marionette enabled
console.warn: SearchSettings: "get: No settings file exists, new profile?" (new NotFoundError("Could not open the file at C:\\Users\\leandro\\AppData\\Local\\Temp\\rust_mozprofileMTIRIL\\search.json.mozlz4", (void 0)))
1636227638278	Marionette	INFO	Listening on port 60455
1636227638668	Marionette	WARN	TLS certificate errors will be ignored for this session
1636227645703	Marionette	INFO	Stopped listening on port 60455

###!!! [Child][RunMessage] Error: Channel closing: too late to send/recv, messages will be lost

1636227648250	geckodriver	INFO	Listening on 127.0.0.1:60508
1636227651273	mozrunner::runner	INFO	Running command: "C:\\Program Files\\Mozilla Firefox\\firefox.exe" "--marionette" "-no-remote" "-profile" "C:\\Users\\leandro\\AppData\\Local\\Temp\\rust_mozprofileZc3Nvv"
1636227651991	Marionette	INFO	Marionette enabled
console.warn: SearchSettings: "get: No settings file exists, new profile?" (new NotFoundError("Could not open the file at C:\\Users\\leandro\\AppData\\Local\\Temp\\rust_mozprofileZc3Nvv\\search.json.mozlz4", (void 0)))
1636227657330	Marionette	INFO	Listening on port 60519
1636227657506	Marionette	WARN	TLS certificate errors will be ignored for this session
1636227754848	Marionette	INFO	Stopped listening on port 60519

###!!! [Child][RunMessage] Error: Channel closing: too late to send/recv, messages will be lost

"--marionette" "-no-remote" "-profile" "C:\\Users\\leandro\\AppData\\Local\\Temp\\rust_mozprofileivQ2f5"
1636227744548	Marionette	INFO	Marionette enabled
console.warn: SearchSettings: "get: No settings file exists, new profile?" (new NotFoundError("Could not open the file at C:\\Users\\leandro\\AppData\\Local\\Temp\\rust_mozprofileivQ2f5\\search.json.mozlz4", (void 0)))
1636227751184	Marionette	INFO	Listening on port 59032
1636227751512	Marionette	WARN	TLS certificate errors will be ignored for this session
JavaScript error: , line 0: TypeError: NetworkError when attempting to fetch resource.
JavaScript error: , line 0: TypeError: NetworkError when attempting to fetch resource.
JavaScript error: , line 0: TypeError: NetworkError when attempting to fetch resource.
JavaScript error: , line 0: TypeError: NetworkError when attempting to fetch resource.
JavaScript error: https://www.infomoney.com.br/wp-content/mu-plugins/jetpack-10.3/_inc/build/infinite-scroll/infinity.min.js?ver=10.3-is5.0.1, line 3: TypeError: this.element is null
JavaScript error: , line 0: TypeError: NetworkError when attempting to fetch resource.
JavaScript error: , line 0: TypeError: NetworkError when attempting to fetch resource.
JavaScript error: , line 0: TypeError: NetworkError when attempting to fetch resource.
JavaScript error: , line 0: TypeError: NetworkError when attempting to fetch resource.
JavaScript error: , line 0: TypeError: NetworkError when attempting to fetch resource.
JavaScript error: , line 0: TypeError: NetworkError when attempting to fetch resource.
JavaScript error: , line 0: TypeError: NetworkError when attempting to fetch resource.
JavaScript error: , line 0: TypeError: NetworkError when attempting to fetch resource.
JavaScript error: , line 0: TypeError: NetworkError when attempting to fetch resource.
JavaScript error: , line 0: TypeError: NetworkError when attempting to fetch resource.
JavaScript error: , line 0: TypeError: NetworkError when attempting to fetch resource.
JavaScript error: , line 0: TypeError: NetworkError when attempting to fetch resource.
JavaScript error: , line 0: TypeError: NetworkError when attempting to fetch resource.
JavaScript error: , line 0: TypeError: NetworkError when attempting to fetch resource.
JavaScript error: , line 0: TypeError: NetworkError when attempting to fetch resource.
1636228042986	Marionette	INFO	Stopped listening on port 59032

###!!! [Child][RunMessage] Error: Channel closing: too late to send/recv, messages will be lost

 the file at C:\\Users\\leandro\\AppData\\Local\\Temp\\rust_mozprofilepXSAEd\\search.json.mozlz4", (void 0)))
1636228035565	Marionette	INFO	Listening on port 59568
1636228036111	Marionette	WARN	TLS certificate errors will be ignored for this session
JavaScript error: , line 0: TypeError: NetworkError when attempting to fetch resource.
JavaScript error: , line 0: TypeError: NetworkError when attempting to fetch resource.
JavaScript error: , line 0: TypeError: NetworkError when attempting to fetch resource.
JavaScript error: , line 0: TypeError: NetworkError when attempting to fetch resource.
JavaScript error: , line 0: TypeError: NetworkError when attempting to fetch resource.
JavaScript error: , line 0: TypeError: NetworkError when attempting to fetch resource.
JavaScript error: , line 0: TypeError: NetworkError when attempting to fetch resource.
JavaScript error: , line 0: TypeError: NetworkError when attempting to fetch resource.
JavaScript error: , line 0: TypeError: NetworkError when attempting to fetch resource.
JavaScript error: , line 0: TypeError: NetworkError when attempting to fetch resource.
JavaScript error: , line 0: TypeError: NetworkError when attempting to fetch resource.
JavaScript error: , line 0: TypeError: NetworkError when attempting to fetch resource.
JavaScript error: , line 0: TypeError: NetworkError when attempting to fetch resource.
console.log: WebExtensions: reset-default-search: starting.
console.log: WebExtensions: reset-default-search: No addons in our list are installed.
JavaScript error: , line 0: TypeError: NetworkError when attempting to fetch resource.
JavaScript error: , line 0: TypeError: NetworkError when attempting to fetch resource.
JavaScript error: , line 0: TypeError: NetworkError when attempting to fetch resource.
JavaScript error: , line 0: TypeError: NetworkError when att1636228874732	mozrunner::runner	INFO	Running command: "C:\\Program Files\\Mozilla Firefox\\firefox.exe" "--marionette" "-no-remote" "-profile" "C:\\Users\\leandro\\AppData\\Local\\Temp\\rust_mozprofilelT2Wlw"
1636228875817	Marionette	INFO	Marionette enabled
console.warn: SearchSettings: "get: No settings file exists, new profile?" (new NotFoundError("Could not open the file at C:\\Users\\leandro\\AppData\\Local\\Temp\\rust_mozprofilelT2Wlw\\search.json.mozlz4", (void 0)))
1636228879602	Marionette	INFO	Listening on port 60734
1636228879764	Marionette	WARN	TLS certificate errors will be ignored for this session
JavaScript error: resource://devtools/server/actors/network-monitor/network-event-actor.js, line 108: Error: Got a request https://www.infomoney.com.br/wp-content/mu-plugins/jetpack-10.3/modules/infinite-scroll/infinity.css?ver=20140422 without a browsingContextID set
JavaScript error: resource://devtools/server/actors/network-monitor/network-event-actor.js, line 108: Error: Got a request https://www.infomoney.com.br/wp-content/themes/infomoney/css/templates/quotes.css?ver=2.8 without a browsingContextID set
JavaScript error: resource://devtools/server/actors/network-monitor/network-event-actor.js, line 108: Error: Got a request https://www.infomoney.com.br/wp-content/themes/infomoney/css/vendor/jquery.ui.base.min.css?ver=5.8.1 without a browsingContextID set
JavaScript error: resource://devtools/server/actors/network-monitor/network-event-actor.js, line 108: Error: Got a request https://www.infomoney.com.br/wp-content/themes/infomoney/css/vendor/jquery.ui.theme.min.css?ver=5.8.1 without a browsingContextID set
JavaScript error: resource://devtools/server/actors/network-monitor/network-event-actor.js, line 108: Error: Got a request https://www.infomoney.com.br/wp-content/themes/infomoney/css/vendor/jquery.dataTables.min.css?ver=5.8.1 without a browsingContextID set
JavaScript error: resource://devtools/server/actors/network-monitor/network-event-actor.js, line 108: Error: Got a request https://www.infomoney.com.br/wp-includes/js/mediaelement/mediaelementplayer-legacy.min.css?ver=4.2.16 without a browsingContextID set
JavaScript error: resource://devtools/server/actors/network-monitor/network-event-actor.js, line 108: Error: Got a request https://www.infomoney.com.br/wp-includes/js/mediaelement/wp-mediaelement.min.css?ver=5.8.1 without a browsingContextID set
JavaScript error: resource://devtools/server/actors/network-monitor/network-event-actor.js, line 108: Error: Got a request https://www.infomoney.com.br/wp-content/plugins/infomoney/public/css/infomoney-public.css?ver=1.0.0 without a browsingContextID set
JavaScript error: resource://devtools/server/actors/network-monitor/network-event-actor.js, line 108: Error: Got a request https://www.infomoney.com.br/wp-content/themes/infomoney/css/vendor/select2.min.css?ver=5.8.1 without a browsingContextID set
JavaScript error: resource://devtools/server/actors/network-monitor/network-event-actor.js, line 108: Error: Got a request https://www.infomoney.com.br/wp-content/themes/infomoney/css/templates/widget-advertising.css?ver=2.8 without a browsingContextID set
JavaScript error: resource://devtools/server/actors/network-monitor/network-event-actor.js, line 108: Error: Got a request https://www.infomoney.com.br/wp-content/themes/infomoney/css/vendor/bootstrap.min.css?ver=2.8 without a browsingContextID set
JavaScript error: resource://devtools/server/actors/network-monitor/network-event-actor.js, line 108: Error: Got a request https://www.infomoney.com.br/wp-content/themes/infomoney/style.css?ver=2.8 without a browsingContextID set
JavaScript error: resource://devtools/server/actors/network-monitor/network-event-actor.js, line 108: Error: Got a request https://fonts.googleapis.com/css2?family=Material+Icons&display=swap&ver=5.8.1 without a browsingContextID set
JavaScript error: resource://devtools/server/actors/network-monitor/network-event-actor.js, line 108: Error: Got a request https://fonts.googleapis.com/css2?family=Material+Icons&display=swap&ver=5.8.1 without a browsingContextID set
JavaScript error: resource://devtools/server/actors/network-monitor/network-event-actor.js, line 108: Error: Got a request https://www.infomoney.com.br/wp-content/themes/infomoney/css/templates/widget-ticker.css?ver=2.8 without a browsingContextID set
console.error: "Error while calling actor 'layout's method 'getGrids'" "node is null"
console.error: (new TypeError("node is null", "resource://devtools/server/actors/layout.js", 502))
console.error: (new TypeError("parent is null", "resource://devtools/client/inspector/shared/style-change-tracker.js", 67))
TypeError: parent is null: canMutationImpactCurrentStyles@resource://devtools/client/inspector/shared/style-change-tracker.js:67:24
onMutations@resource://devtools/client/inspector/shared/style-change-tracker.js:84:41
_emit@resource://devtools/shared/event-emitter.js:226:34
emit@resource://devtools/shared/event-emitter.js:172:18
emit@resource://devtools/shared/event-emitter.js:324:18
getMutations@resource://devtools/client/fronts/walker.js:358:10

console.error: (new TypeError("container.node.targetFront is null", "resource://devtools/client/inspector/markup/markup.js", 2310))
console.error: "Error while calling actor 'pagestyle's method 'getApplied'" "node is null"
console.error: (new TypeError("node is null", "resource://devtools/server/actors/page-style.js", 570))
console.error: (new Error("Protocol error (TypeError): node is null from: server0.conn0.child4/pagestyle30 (resource://devtools/server/actors/page-style.js:570:5)", "resource://devtools/shared/protocol/Front.js", 365))
JavaScript error: , line 0: TypeError: NetworkError when attempting to fetch resource.
JavaScript error: , line 0: TypeError: NetworkError when attempting to fetch resource.
JavaScript error: , line 0: TypeError: NetworkError when attempting to fetch resource.
JavaScript error: , line 0: TypeError: NetworkError when attempting to fetch resource.
console.error: "Error while calling actor 'layout's method 'getGrids'" "node is null"
console.error: (new TypeError("node is null", "resource://devtools/server/actors/layout.js", 502))
JavaScript error: resource://devtools/server/actors/network-monitor/network-event-actor.js, line 108: Error: Got a request https://www.infomoney.com.br/wp-content/mu-plugins/jetpack-10.3/modules/infinite-scroll/infinity.css?ver=20140422 without a browsingContextID set
JavaScript error: resource://devtools/server/actors/network-monitor/network-event-actor.js, line 108: Error: Got a request https://www.infomoney.com.br/wp-content/themes/infomoney/css/templates/quotes.css?ver=2.8 without a browsingContextID set
JavaScript error: resource://devtools/server/actors/network-monitor/network-event-actor.js, line 108: Error: Got a request https://www.infomoney.com.br/wp-content/themes/infomoney/css/vendor/jquery.ui.base.min.css?ver=5.8.1 without a browsingContextID set
JavaScript error: resource://devtools/server/actors/network-monitor/network-event-actor.js, line 108: Error: Got a request https://www.infomoney.com.br/wp-content/themes/infomoney/css/vendor/jquery.ui.theme.min.css?ver=5.8.1 without a browsingContextID set
JavaScript error: resource://devtools/server/actors/network-monitor/network-event-actor.js, line 108: Error: Got a request https://www.infomoney.com.br/wp-content/themes/infomoney/css/vendor/jquery.dataTables.min.css?ver=5.8.1 without a browsingContextID set
JavaScript error: resource://devtools/server/actors/network-monitor/network-event-actor.js, line 108: Error: Got a request https://www.infomoney.com.br/wp-includes/js/mediaelement/mediaelementplayer-legacy.min.css?ver=4.2.16 without a browsingContextID set
JavaScript error: resource://devtools/server/actors/network-monitor/network-event-actor.js, line 108: Error: Got a request https://www.infomoney.com.br/wp-includes/js/mediaelement/wp-mediaelement.min.css?ver=5.8.1 without a browsingContextID set
JavaScript error: resource://devtools/server/actors/network-monitor/network-event-actor.js, line 108: Error: Got a request https://www.infomoney.com.br/wp-content/plugins/infomoney/public/css/infomoney-public.css?ver=1.0.0 without a browsingContextID set
JavaScript error: resource://devtools/server/actors/network-monitor/network-event-actor.js, line 108: Error: Got a request https://www.infomoney.com.br/wp-content/themes/infomoney/css/vendor/select2.min.css?ver=5.8.1 without a browsingContextID set
JavaScript error: resource://devtools/server/actors/network-monitor/network-event-actor.js, line 108: Error: Got a request https://www.infomoney.com.br/wp-content/themes/infomoney/css/templates/widget-advertising.css?ver=2.8 without a browsingContextID set
JavaScript error: resource://devtools/server/actors/network-monitor/network-event-actor.js, line 108: Error: Got a request https://www.infomoney.com.br/wp-content/themes/infomoney/css/vendor/bootstrap.min.css?ver=2.8 without a browsingContextID set
JavaScript error: resource://devtools/server/actors/network-monitor/network-event-actor.js, line 108: Error: Got a request https://www.infomoney.com.br/wp-content/themes/infomoney/style.css?ver=2.8 without a browsingContextID set
JavaScript error: resource://devtools/server/actors/network-monitor/network-event-actor.js, line 108: Error: Got a request https://fonts.googleapis.com/css2?family=Material+Icons&display=swap&ver=5.8.1 without a browsingContextID set
JavaScript error: resource://devtools/server/actors/network-monitor/network-event-actor.js, line 108: Error: Got a request https://fonts.googleapis.com/css2?family=Material+Icons&display=swap&ver=5.8.1 without a browsingContextID set
JavaScript error: resource://devtools/server/actors/network-monitor/network-event-actor.js, line 108: Error: Got a request https://www.infomoney.com.br/wp-content/themes/infomoney/css/templates/widget-ticker.css?ver=2.8 without a browsingContextID set
console.log: WebExtensions: reset-default-search: starting.
console.log: WebExtensions: reset-default-search: No addons in our list are installed.
console.error: (new TypeError("container.node.targetFront is null", "resource://devtools/client/inspector/markup/markup.js", 2310))
console.error: (new TypeError("container.node.targetFront is null", "resource://devtools/client/inspector/markup/markup.js", 2310))
console.error: "Error sending event: display-change"
console.error: ({})
[Exception... "Component returned failure code: 0x80070057 (NS_ERROR_ILLEGAL_VALUE) [nsIEventListenerService.getListenerInfoFor]"  nsresult: "0x80070057 (NS_ERROR_ILLEGAL_VALUE)"  location: "JS frame :: resource://devtools/server/actors/inspector/event-collector.js :: getDOMListeners :: line 266"  data: no]: getDOMListeners@resource://devtools/server/actors/inspector/event-collector.js:266:22
getListeners@resource://devtools/server/actors/inspector/event-collector.js:334:28
hasListeners@resource://devtools/server/actors/inspector/event-collector.js:227:17
hasEventListeners@resource://devtools/server/actors/inspector/event-collector.js:802:21
get _hasEventListeners@resource://devtools/server/actors/inspector/node.js:383:33
form@resource://devtools/server/actors/inspector/node.js:207:7
write@resource://devtools/shared/protocol/types.js:358:32
types.addArrayType/write/<@resource://devtools/shared/protocol/types.js:215:33
write@resource://devtools/shared/protocol/types.js:215:16
write@resource://devtools/shared/protocol/Request.js:109:22
write@resource://devtools/shared/protocol/Request.js:39:26
_sendEvent@resource://devtools/shared/protocol/Actor.js:66:24
initialize/<@resource://devtools/shared/protocol/Actor.js:46:16
_emit@resource://devtools/shared/event-emitter.js:226:34
emit@resource://devtools/shared/event-emitter.js:172:18
emit@resource://devtools/shared/event-emitter.js:324:18
_onReflows@resource://devtools/server/actors/inspector/walker.js:598:12
_emit@resource://devtools/shared/event-emitter.js:226:34
emit@resource://devtools/shared/event-emitter.js:172:18
emit@resource://devtools/shared/event-emitter.js:324:18
_startEventLoop@resource://devtools/server/actors/reflow.js:314:12
notify@resource://gre/modules/Timer.jsm:62:17

JavaScript error: , line 0: TypeError: NetworkError when attempting to fetch resource.
JavaScript error: , line 0: TypeError: NetworkError when attempting to fetch resource.
console.error: "Error while calling actor 'layout's method 'getGrids'" "null has no properties"
console.error: (new TypeError("null has no properties", "resource://devtools/server/actors/layout.js", 502))
out of memory: 0x0000000000040000 bytes requested
out of memory: 0x0000000000040000 bytes requested
out of memory: 0x0000000000040000 bytes requested
out of memory: 0x0000000000040000 bytes requested

###!!! [Parent][MessageChannel::SendAndWait] Error: Channel error: cannot send/recv

[GFX1-]: Receive IPC close with reason=AbnormalShutdown
[GFX1-]: Receive IPC close with reason=AbnormalShutdown

###!!! [Child][MessageChannel] Error: (msgtype=0x960004,name=PTexture::Msg_RecycleTexture) Channel error: cannot send/recv


###!!! [Child][MessageChannel] Error: (msgtype=0xAA0006,name=PWebRenderBridge::Msg_SetDisplayList) Channel error: cannot send/recv


###!!! [Child][MessageChannel] Error: (msgtype=0xAA0008,name=PWebRenderBridge::Msg_SetFocusTarget) Channel error: cannot send/recv


###!!! [Parent][MessageChannel] Error: (msgtype=0x2000F,name=PAPZInputBridge::Msg_UpdateWheelTransaction) Channel error: cannot send/recv


###!!! [Parent][MessageChannel::SendAndWait] Error: (msgtype=0x20003,name=PAPZInputBridge::Msg_ReceiveMouseInputEvent) Channel error: cannot send/recv


###!!! [Parent][MessageChannel] Error: (msgtype=0x2000F,name=PAPZInputBridge::Msg_UpdateWheelTransaction) Channel error: cannot send/recv


###!!! [Parent][MessageChannel::SendAndWait] Error: (msgtype=0x20003,name=PAPZInputBridge::Msg_ReceiveMouseInputEvent) Channel error: cannot send/recv

[GFX1-]: Receive IPC close with reason=AbnormalShutdown

###!!! [Child][MessageChannel] Error: (msgtype=0xAA0006,name=PWebRenderBridge::Msg_SetDisplayList) Channel error: cannot send/recv


###!!! [Child][MessageChannel] Error: (msgtype=0xAA0008,name=PWebRenderBridge::Msg_SetFocusTarget) Channel error: cannot send/recv


###!!! [Parent][MessageChannel] Error: (msgtype=0x2000F,name=PAPZInputBridge::Msg_UpdateWheelTransaction) Channel error: cannot send/recv


###!!! [Parent][MessageChannel::SendAndWait] Error: (msgtype=0x20003,name=PAPZInputBridge::Msg_ReceiveMouseInputEvent) Channel error: cannot send/recv


###!!! [Child][MessageChannel] Error: (msgtype=0xAA0026,name=PWebRenderBridge::Msg_Shutdown) Channel error: cannot send/recv


###!!! [Child][MessageChannel] Error: (msgtype=0x960003,name=PTexture::Msg_Destroy) Channel error: cannot send/recv


###!!! [Child][MessageChannel] Error: (msgtype=0x960003,name=PTexture::Msg_Destroy) Channel error: cannot send/recv


###!!! [Child][MessageChannel] Error: (msgtype=0x960003,name=PTexture::Msg_Destroy) Channel error: cannot send/recv


###!!! [Child][MessageChannel] Error: (msgtype=0x960003,name=PTexture::Msg_Destroy) Channel error: cannot send/recv


###!!! [Child][MessageChannel] Error: (msgtype=0x960003,name=PTexture::Msg_Destroy) Channel error: cannot send/recv


###!!! [Child][MessageChannel] Error: (msgtype=0x960003,name=PTexture::Msg_Destroy) Channel error: cannot send/recv


###!!! [Child][MessageChannel] Error: (msgtype=0x960003,name=PTexture::Msg_Destroy) Channel error: cannot send/recv


###!!! [Child][MessageChannel] Error: (msgtype=0x960003,name=PTexture::Msg_Destroy) Channel error: cannot send/recv


###!!! [Child][MessageChannel] Error: (msgtype=0x960003,name=PTexture::Msg_Destroy) Channel error: cannot send/recv


###!!! [Child][MessageChannel] Error: (msgtype=0x960003,name=PTexture::Msg_Destroy) Channel error: cannot send/recv


###!!! [Child][MessageChannel] Error: (msgtype=0x960003,name=PTexture::Msg_Destroy) Channel error: cannot send/recv


###!!! [Child][MessageChannel] Error: (msgtype=0x960003,name=PTexture::Msg_Destroy) Channel error: cannot send/recv


###!!! [Child][MessageChannel] Error: (msgtype=0x960003,name=PTexture::Msg_Destroy) Channel error: cannot send/recv


###!!! [Child][MessageChannel] Error: (msgtype=0x960003,name=PTexture::Msg_Destroy) Channel error: cannot send/recv


###!!! [Child][MessageChannel] Error: (msgtype=0x960003,name=PTexture::Msg_Destroy) Channel error: cannot send/recv


###!!! [Child][MessageChannel] Error: (msgtype=0x960003,name=PTexture::Msg_Destroy) Channel error: cannot send/recv


###!!! [Child][MessageChannel] Error: (msgtype=0x960003,name=PTexture::Msg_Destroy) Channel error: cannot send/recv


###!!! [Child][MessageChannel] Error: (msgtype=0x960003,name=PTexture::Msg_Destroy) Channel error: cannot send/recv


###!!! [Child][MessageChannel] Error: (msgtype=0x960003,name=PTexture::Msg_Destroy) Channel error: cannot send/recv


###!!! [Child][MessageChannel] Error: (msgtype=0xD,name=PAPZ::Msg_Destroy) Channel error: cannot send/recv


###!!! [Child][MessageChannel::SendAndWait] Error: (msgtype=0x360015,name=PCompositorBridge::Msg_WillClose) Channel error: cannot send/recv


###!!! [Child][MessageChannel] Error: (msgtype=0xAA0026,name=PWebRenderBridge::Msg_Shutdown) Channel error: cannot send/recv


###!!! [Child][MessageChannel::SendAndWait] Error: (msgtype=0x360015,name=PCompositorBridge::Msg_WillClose) Channel error: cannot send/recv


###!!! [Child][MessageChannel] Error: (msgtype=0x610015,name=PLayerTransaction::Msg_ClearCachedResources) Channel error: cannot send/recv


###!!! [Child][MessageChannel] Error: (msgtype=0x960003,name=PTexture::Msg_Destroy) Channel error: cannot send/recv


###!!! [Child][MessageChannel] Error: (msgtype=0x960003,name=PTexture::Msg_Destroy) Channel error: cannot send/recv


###!!! [Child][MessageChannel] Error: (msgtype=0x610006,name=PLayerTransaction::Msg_ReleaseCompositable) Channel error: cannot send/recv


###!!! [Child][MessageChannel] Error: (msgtype=0x610005,name=PLayerTransaction::Msg_ReleaseLayer) Channel error: cannot send/recv


###!!! [Child][MessageChannel] Error: (msgtype=0x610005,name=PLayerTransaction::Msg_ReleaseLayer) Channel error: cannot send/recv


###!!! [Child][MessageChannel] Error: (msgtype=0x610020,name=PLayerTransaction::Msg_Shutdown) Channel error: cannot send/recv


###!!! [Child][MessageChannel::SendAndWait] Error: (msgtype=0x360015,name=PCompositorBridge::Msg_WillClose) Channel error: cannot send/recv

[GFX1-]: Receive IPC close with reason=AbnormalShutdown
[GFX1-]: Receive IPC close with reason=AbnormalShutdown
[GFX1-]: Receive IPC close with reason=AbnormalShutdown
console.error: (new TypeError("container.node.targetFront is null", "resource://devtools/client/inspector/markup/markup.js", 2310))
console.error: (new TypeError("container.node.targetFront is null", "resource://devtools/client/inspector/markup/markup.js", 2310))
console.error: "Error sending event: display-change"
console.error: ({})
[Exception... "Component returned failure code: 0x80070057 (NS_ERROR_ILLEGAL_VALUE) [nsIEventListenerService.getListenerInfoFor]"  nsresult: "0x80070057 (NS_ERROR_ILLEGAL_VALUE)"  location: "JS frame :: resource://devtools/server/actors/inspector/event-collector.js :: getDOMListeners :: line 266"  data: no]: getDOMListeners@resource://devtools/server/actors/inspector/event-collector.js:266:22
getListeners@resource://devtools/server/actors/inspector/event-collector.js:334:28
hasListeners@resource://devtools/server/actors/inspector/event-collector.js:227:17
hasEventListeners@resource://devtools/server/actors/inspector/event-collector.js:802:21
get _hasEventListeners@resource://devtools/server/actors/inspector/node.js:383:33
form@resource://devtools/server/actors/inspector/node.js:207:7
write@resource://devtools/shared/protocol/types.js:358:32
types.addArrayType/write/<@resource://devtools/shared/protocol/types.js:215:33
write@resource://devtools/shared/protocol/types.js:215:16
write@resource://devtools/shared/protocol/Request.js:109:22
write@resource://devtools/shared/protocol/Request.js:39:26
_sendEvent@resource://devtools/shared/protocol/Actor.js:66:24
initialize/<@resource://devtools/shared/protocol/Actor.js:46:16
_emit@resource://devtools/shared/event-emitter.js:226:34
emit@resource://devtools/shared/event-emitter.js:172:18
emit@resource://devtools/shared/event-emitter.js:324:18
_onReflows@resource://devtools/server/actors/inspector/walker.js:598:12
_emit@resource://devtools/shared/event-emitter.js:226:34
emit@resource://devtools/shared/event-emitter.js:172:18
emit@resource://devtools/shared/event-emitter.js:324:18
_startEventLoop@resource://devtools/server/actors/reflow.js:314:12
notify@resource://gre/modules/Timer.jsm:62:17

[GFX1-]: RenderDXGIYCbCrTextureHost init stream failed
[GFX1-]: RenderDXGIYCbCrTextureHost init stream failed
[GFX1-]: RenderDXGIYCbCrTextureHost init stream failed
out of memory: 0x0000000000033000 bytes requested
JavaScript error: , line 0: TypeError: NetworkError when attempting to fetch resource.
JavaScript error: , line 0: TypeError: NetworkError when attempting to fetch resource.

###!!! [Parent][MessageChannel::SendAndWait] Error: Channel error: cannot send/recv

[GFX1-]: Receive IPC close with reason=AbnormalShutdown
[[GFX1-]: Receive IPC close with reason=AbnormalShutdown
GFX1-]: Receive IPC close with reason=AbnormalShutdown

###!!! [Child][MessageChannel] Error: (msgtype=0x960004,name=PTexture::Msg_RecycleTexture) Channel error: cannot send/recv


###!!! [Child][MessageChannel] Error: (msgtype=0xAA0006,name=PWebRenderBridge::Msg_SetDisplayList) Channel error: cannot send/recv


###!!! [Child][MessageChannel] Error: (msgtype=0xAA0008,name=PWebRenderBridge::Msg_SetFocusTarget) Channel error: cannot send/recv


###!!! [Parent][MessageChannel] Error: (msgtype=0x2000F,name=PAPZInputBridge::Msg_UpdateWheelTransaction) Channel error: cannot send/recv


###!!! [Parent][MessageChannel::SendAndWait] Error: (msgtype=0x20003,name=PAPZInputBridge::Msg_ReceiveMouseInputEvent) Channel error: cannot send/recv


###!!! [Parent][MessageChannel] Error: (msgtype=0x2000F,name=PAPZInputBridge::Msg_UpdateWheelTransaction) Channel error: cannot send/recv


###!!! [Parent][MessageChannel::SendAndWait] Error: (msgtype=0x20003,name=PAPZInputBridge::Msg_ReceiveMouseInputEvent) Channel error: cannot send/recv


###!!! [Parent][MessageChannel] Error: (msgtype=0x2000F,name=PAPZInputBridge::Msg_UpdateWheelTransaction) Channel error: cannot send/recv


###!!! [Parent][MessageChannel::SendAndWait] Error: (msgtype=0x20003,name=PAPZInputBridge::Msg_ReceiveMouseInputEvent) Channel error: cannot send/recv


###!!! [Parent][MessageChannel] Error: (msgtype=0x2000F,name=PAPZInputBridge::Msg_UpdateWheelTransaction) Channel error: cannot send/recv


###!!! [Parent][MessageChannel::SendAndWait] Error: (msgtype=0x20003,name=PAPZInputBridge::Msg_ReceiveMouseInputEvent) Channel error: cannot send/recv


###!!! [Parent][MessageChannel] Error: (msgtype=0x2000F,name=PAPZInputBridge::Msg_UpdateWheelTransaction) Channel error: cannot send/recv


###!!! [Parent][MessageChannel::SendAndWait] Error: (msgtype=0x20003,name=PAPZInputBridge::Msg_ReceiveMouseInputEvent) Channel error: cannot send/recv


###!!! [Parent][MessageChannel] Error: (msgtype=0x2000F,name=PAPZInputBridge::Msg_UpdateWheelTransaction) Channel error: cannot send/recv


###!!! [Parent][MessageChannel::SendAndWait] Error: (msgtype=0x20003,name=PAPZInputBridge::Msg_ReceiveMouseInputEvent) Channel error: cannot send/recv


###!!! [Parent][MessageChannel] Error: (msgtype=0x2000F,name=PAPZInputBridge::Msg_UpdateWheelTransaction) Channel error: cannot send/recv


###!!! [Parent][MessageChannel::SendAndWait] Error: (msgtype=0x20003,name=PAPZInputBridge::Msg_ReceiveMouseInputEvent) Channel error: cannot send/recv


###!!! [Parent][MessageChannel] Error: (msgtype=0x2000F,name=PAPZInputBridge::Msg_UpdateWheelTransaction) Channel error: cannot send/recv


###!!! [Parent][MessageChannel::SendAndWait] Error: (msgtype=0x20003,name=PAPZInputBridge::Msg_ReceiveMouseInputEvent) Channel error: cannot send/recv


###!!! [Parent][MessageChannel] Error: (msgtype=0x2000F,name=PAPZInputBridge::Msg_UpdateWheelTransaction) Channel error: cannot send/recv


###!!! [Parent][MessageChannel::SendAndWait] Error: (msgtype=0x20003,name=PAPZInputBridge::Msg_ReceiveMouseInputEvent) Channel error: cannot send/recv


###!!! [Parent][MessageChannel] Error: (msgtype=0x2000F,name=PAPZInputBridge::Msg_UpdateWheelTransaction) Channel error: cannot send/recv


###!!! [Parent][MessageChannel::SendAndWait] Error: (msgtype=0x20003,name=PAPZInputBridge::Msg_ReceiveMouseInputEvent) Channel error: cannot send/recv


###!!! [Parent][MessageChannel] Error: (msgtype=0x2000F,name=PAPZInputBridge::Msg_UpdateWheelTransaction) Channel error: cannot send/recv


###!!! [Parent][MessageChannel::SendAndWait] Error: (msgtype=0x20003,name=PAPZInputBridge::Msg_ReceiveMouseInputEvent) Channel error: cannot send/recv


###!!! [Parent][MessageChannel] Error: (msgtype=0x2000F,name=PAPZInputBridge::Msg_UpdateWheelTransaction) Channel error: cannot send/recv


###!!! [Parent][MessageChannel::SendAndWait] Error: (msgtype=0x20003,name=PAPZInputBridge::Msg_ReceiveMouseInputEvent) Channel error: cannot send/recv


###!!! [Parent][MessageChannel] Error: (msgtype=0x2000F,name=PAPZInputBridge::Msg_UpdateWheelTransaction) Channel error: cannot send/recv


###!!! [Parent][MessageChannel::SendAndWait] Error: (msgtype=0x20003,name=PAPZInputBridge::Msg_ReceiveMouseInputEvent) Channel error: cannot send/recv


###!!! [Parent][MessageChannel] Error: (msgtype=0x2000F,name=PAPZInputBridge::Msg_UpdateWheelTransaction) Channel error: cannot send/recv


###!!! [Parent][MessageChannel::SendAndWait] Error: (msgtype=0x20003,name=PAPZInputBridge::Msg_ReceiveMouseInputEvent) Channel error: cannot send/recv


###!!! [Parent][MessageChannel] Error: (msgtype=0x2000F,name=PAPZInputBridge::Msg_UpdateWheelTransaction) Channel error: cannot send/recv


###!!! [Parent][MessageChannel::SendAndWait] Error: (msgtype=0x20003,name=PAPZInputBridge::Msg_ReceiveMouseInputEvent) Channel error: cannot send/recv


###!!! [Parent][MessageChannel] Error: (msgtype=0x2000F,name=PAPZInputBridge::Msg_UpdateWheelTransaction) Channel error: cannot send/recv


###!!! [Parent][MessageChannel::SendAndWait] Error: (msgtype=0x20003,name=PAPZInputBridge::Msg_ReceiveMouseInputEvent) Channel error: cannot send/recv


###!!! [Parent][MessageChannel] Error: (msgtype=0x2000F,name=PAPZInputBridge::Msg_UpdateWheelTransaction) Channel error: cannot send/recv


###!!! [Parent][MessageChannel::SendAndWait] Error: (msgtype=0x20003,name=PAPZInputBridge::Msg_ReceiveMouseInputEvent) Channel error: cannot send/recv


###!!! [Parent][MessageChannel] Error: (msgtype=0x2000F,name=PAPZInputBridge::Msg_UpdateWheelTransaction) Channel error: cannot send/recv


###!!! [Parent][MessageChannel::SendAndWait] Error: (msgtype=0x20003,name=PAPZInputBridge::Msg_ReceiveMouseInputEvent) Channel error: cannot send/recv


###!!! [Parent][MessageChannel] Error: (msgtype=0x2000F,name=PAPZInputBridge::Msg_UpdateWheelTransaction) Channel error: cannot send/recv


###!!! [Parent][MessageChannel::SendAndWait] Error: (msgtype=0x20003,name=PAPZInputBridge::Msg_ReceiveMouseInputEvent) Channel error: cannot send/recv


###!!! [Parent][MessageChannel] Error: (msgtype=0x2000F,name=PAPZInputBridge::Msg_UpdateWheelTransaction) Channel error: cannot send/recv


###!!! [Parent][MessageChannel::SendAndWait] Error: (msgtype=0x20003,name=PAPZInputBridge::Msg_ReceiveMouseInputEvent) Channel error: cannot send/recv


###!!! [Parent][MessageChannel] Error: (msgtype=0x2000F,name=PAPZInputBridge::Msg_UpdateWheelTransaction) Channel error: cannot send/recv


###!!! [Parent][MessageChannel::SendAndWait] Error: (msgtype=0x20003,name=PAPZInputBridge::Msg_ReceiveMouseInputEvent) Channel error: cannot send/recv


###!!! [Parent][MessageChannel] Error: (msgtype=0x2000F,name=PAPZInputBridge::Msg_UpdateWheelTransaction) Channel error: cannot send/recv


###!!! [Parent][MessageChannel::SendAndWait] Error: (msgtype=0x20003,name=PAPZInputBridge::Msg_ReceiveMouseInputEvent) Channel error: cannot send/recv


###!!! [Parent][MessageChannel] Error: (msgtype=0x2000F,name=PAPZInputBridge::Msg_UpdateWheelTransaction) Channel error: cannot send/recv


###!!! [Parent][MessageChannel::SendAndWait] Error: (msgtype=0x20003,name=PAPZInputBridge::Msg_ReceiveMouseInputEvent) Channel error: cannot send/recv


###!!! [Child][MessageChannel] Error: (msgtype=0xAA0026,name=PWebRenderBridge::Msg_Shutdown) Channel error: cannot send/recv


###!!! [Child][MessageChannel] Error: (msgtype=0x960003,name=PTexture::Msg_Destroy) Channel error: cannot send/recv


###!!! [Child][MessageChannel] Error: (msgtype=0x960003,name=PTexture::Msg_Destroy) Channel error: cannot send/recv


###!!! [Child][MessageChannel] Error: (msgtype=0x960003,name=PTexture::Msg_Destroy) Channel error: cannot send/recv


###!!! [Child][MessageChannel] Error: (msgtype=0x960003,name=PTexture::Msg_Destroy) Channel error: cannot send/recv


###!!! [Child][MessageChannel] Error: (msgtype=0x960003,name=PTexture::Msg_Destroy) Channel error: cannot send/recv


###!!! [Child][MessageChannel] Error: (msgtype=0x960003,name=PTexture::Msg_Destroy) Channel error: cannot send/recv


###!!! [Child][MessageChannel] Error: (msgtype=0x960003,name=PTexture::Msg_Destroy) Channel error: cannot send/recv


###!!! [Child][MessageChannel] Error: (msgtype=0x960003,name=PTexture::Msg_Destroy) Channel error: cannot send/recv


###!!! [Child][MessageChannel] Error: (msgtype=0x960003,name=PTexture::Msg_Destroy) Channel error: cannot send/recv


###!!! [Child][MessageChannel] Error: (msgtype=0x960003,name=PTexture::Msg_Destroy) Channel error: cannot send/recv


###!!! [Child][MessageChannel] Error: (msgtype=0xD,name=PAPZ::Msg_Destroy) Channel error: cannot send/recv


###!!! [Child][MessageChannel::SendAndWait] Error: (msgtype=0x360015,name=PCompositorBridge::Msg_WillClose) Channel error: cannot send/recv

[GFX1-]: Receive IPC close with reason=AbnormalShutdown
[GFX1-]: RenderDXGIYCbCrTextureHost init stream failed
[GFX1-]: RenderDXGIYCbCrTextureHost init stream failed
[GFX1-]: RenderDXGIYCbCrTextureHost init stream failed
[GFX1-]: DCompositionSurface::BeginDraw failed: 0x8007000e
[GFX1-]: DCompositionSurface::BeginDraw failed: 0x8007000e
[GFX1-]: DCompositionSurface::BeginDraw failed: 0x8007000e
[GFX1-]: Failed to load a progr[GFX1-]: Fallback WR to SW-WR
am object with a program binary: composite renderer ANGLE (AMD Radeon HD 6570 Direct3D11 vs_5_0 ps_5_0)

[2021-11-06T20:10:35Z ERROR webrender::device::gl] Failed to load a program object with a program binary: composite renderer ANGLE (AMD Radeon HD 6570 Direct3D11 vs_5_0 ps_5_0)
    
[GFX1-]: shader-cache: Failed program_binary
[2021-11-06T20:10:35Z ERROR webrender_bindings::program_cache] shader-cache: Failed program_binary
[GFX1-]: Failed to compile vertex shader: composite_TEXTURE_EXTERNAL_YUV

[2021-11-06T20:10:35Z ERROR webrender::device::gl] Failed to compile vertex shader: composite_TEXTURE_EXTERNAL_YUV
    
[GFX1-]: wr_renderer_render: Shader(Compilation("composite_TEXTURE_EXTERNAL_YUV", ""))
[GFX1-]: Failed to create StagingTexture: Size(1024,512)
[GFX1-]: Failed to allocate Texture2D: Size(1024,512)
[GFX1-]: Fallback (SW-)WR to Basic
[GFX1-]: Failed to allocate Texture2D: Size(1024,512)
[GFX1-]: Failed to allocate Texture2D: Size(1024,512)
[GFX1-]: Failed to allocate Texture2D: Size(1024,512)
[GFX1-]: Failed to allocate Texture2D: Size(1024,512)
[GFX1-]: Failed to allocate Texture2D: Size(1024,512)
[GFX1-]: Failed to create StagingTexture: Size(1024,512)
[GFX1-]: Failed to allocate Texture2D: Size(1024,512)
[GFX1-]: Failed to allocate Texture2D: Size(1024,512)
[GFX1-]: Failed to allocate Texture2D: Size(1024,512)
[GFX1-]: Failed to allocate Texture2D: Size(1024,512)
[GFX1-]: Failed to allocate Texture2D: Size(1024,512)
[GFX1-]: MapTile failed aValidRect: Rect(x=380, y=0, w=644, h=512)
[GFX1-]: MapTile failed aValidRect: Rect(x=0, y=0, w=1024, h=114)
[GFX1-]: MapTile failed aValidRect: Rect(x=0, y=0, w=896, h=15)
[GFX1-]: MapTile failed aValidRect: Rect(x=0, y=0, w=896, h=512)
[GFX1-]: MapTile failed aValidRect: Rect(x=0, y=0, w=391, h=15)
[GFX1-]: MapTile failed aValidRect: Rect(x=0, y=0, w=391, h=512)
[GFX1-]: MapTile failed aValidRect: Rect(x=0, y=0, w=896, h=512)
[GFX1-]: MapTile failed aValidRect: Rect(x=0, y=0, w=1024, h=512)
[GFX1-]: MapTile failed aValidRect: Rect(x=0, y=0, w=896, h=15)
[GFX1-]: MapTile failed aValidRect: Rect(x=0, y=0, w=896, h=512)
[GFX1-]: MapTile failed aValidRect: Rect(x=0, y=0, w=1024, h=15)
[GFX1-]: MapTile failed aValidRect: Rect(x=0, y=0, w=1024, h=512)
[GFX1-]: MapTile failed aValidRect: Rect(x=0, y=0, w=896, h=512)
[GFX1-]: Compositors might be mixed (5,1)
[GFX1-]: Failed buffer for 0, 115, 1409, 924
[GFX1-]: Failed buffer for 0, 115, 1409, 924
[Child 3688, MediaDecoderStateMachine #2] WARNING: Decoder=1f5011d7000 Decode error: NS_ERROR_OUT_OF_MEMORY (0x8007000e) - virtual mozilla::MediaResult __cdecl mozilla::H264ChangeMonitor::PrepareSample(MediaDataDecoder::ConversionRequired, mozilla::MediaRawData *, bool): ConvertSampleToAnnexB: file /builds/worker/checkouts/gecko/dom/media/MediaDecoderStateMachine.cpp:3490
Exiting due to channel error.
Exiting due to channel error.
1636229454530	geckodriver	INFO	Listening on 127.0.0.1:61563
1636229457558	mozrunner::runner	INFO	Running command: "C:\\Program Files\\Mozilla Firefox\\firefox.exe" "--marionette" "-no-remote" "-profile" "C:\\Users\\leandro\\AppData\\Local\\Temp\\rust_mozprofilexLFxnG"
1636229458295	Marionette	INFO	Marionette enabled
console.warn: SearchSettings: "get: No settings file exists, new profile?" (new NotFoundError("Could not open the file at C:\\Users\\leandro\\AppData\\Local\\Temp\\rust_mozprofilexLFxnG\\search.json.mozlz4", (void 0)))
1636229462209	Marionette	INFO	Listening on port 61573
1636229462497	Marionette	WARN	TLS certificate errors will be ignored for this session
JavaScript error: , line 0: TypeError: NetworkError when attempting to fetch resource.
JavaScript error: , line 0: TypeError: NetworkError when attempting to fetch resource.
JavaScript error: , line 0: TypeError: NetworkError when attempting to fetch resource.
JavaScript error: , line 0: TypeError: NetworkError when attempting to fetch resource.
SourceActor threw an exception: [Exception... "Failed to open input source 'javascript:fechaFlash();'"  nsresult: "0x80040111 (NS_ERROR_NOT_AVAILABLE)"  location: "JS frame :: resource://devtools/shared/DevToolsUtils.js :: mainThreadFetch/< :: line 670"  data: yes]
Stack: mainThreadFetch/<@resource://devtools/shared/DevToolsUtils.js:670:15
mainThreadFetch@resource://devtools/shared/DevToolsUtils.js:516:10
_fetchURLContents@resource://devtools/server/actors/utils/sources-manager.js:439:22
urlContents@resource://devtools/server/actors/utils/sources-manager.js:406:17
_resurrectSource@resource://devtools/server/actors/thread.js:2156:35
addAllSources@resource://devtools/server/actors/thread.js:1509:14
watch@resource://devtools/server/actors/resources/sources.js:52:17
watchResources@resource://devtools/server/actors/resources/index.js:231:19
_watchTargetResources@resource://devtools/server/actors/targets/target-actor-mixin.js:156:24
addWatcherDataEntry@resource://devtools/server/actors/targets/target-actor-mixin.js:47:20
_addWatcherDataEntry@resource://devtools/server/connectors/js-window-actor/DevToolsFrameChild.jsm:503:24
receiveMessage@resource://devtools/server/connectors/js-window-actor/DevToolsFrameChild.jsm:445:21
Line: 670, column: 0
console.error: ({})
JavaScript error: resource://devtools/server/actors/network-monitor/network-event-actor.js, line 108: Error: Got a request https://www.infomoney.com.br/wp-content/mu-plugins/jetpack-10.3/modules/infinite-scroll/infinity.css?ver=20140422 without a browsingContextID set
JavaScript error: resource://devtools/server/actors/network-monitor/network-event-actor.js, line 108: Error: Got a request https://www.infomoney.com.br/wp-content/themes/infomoney/css/templates/quotes.css?ver=2.8 without a browsingContextID set
JavaScript error: resource://devtools/server/actors/network-monitor/network-event-actor.js, line 108: Error: Got a request https://www.infomoney.com.br/wp-content/themes/infomoney/css/vendor/jquery.ui.base.min.css?ver=5.8.1 without a browsingContextID set
JavaScript error: resource://devtools/server/actors/network-monitor/network-event-actor.js, line 108: Error: Got a request https://www.infomoney.com.br/wp-content/themes/infomoney/css/vendor/jquery.ui.theme.min.css?ver=5.8.1 without a browsingContextID set
JavaScript error: resource://devtools/server/actors/network-monitor/network-event-actor.js, line 108: Error: Got a request https://www.infomoney.com.br/wp-content/themes/infomoney/css/vendor/jquery.dataTables.min.css?ver=5.8.1 without a browsingContextID set
JavaScript error: resource://devtools/server/actors/network-monitor/network-event-actor.js, line 108: Error: Got a request https://www.infomoney.com.br/wp-includes/js/mediaelement/mediaelementplayer-legacy.min.css?ver=4.2.16 without a browsingContextID set
JavaScript error: resource://devtools/server/actors/network-monitor/network-event-actor.js, line 108: Error: Got a request https://www.infomoney.com.br/wp-includes/js/mediaelement/wp-mediaelement.min.css?ver=5.8.1 without a browsingContextID set
JavaScript error: resource://devtools/server/actors/network-monitor/network-event-actor.js, line 108: Error: Got a request https://www.infomoney.com.br/wp-content/plugins/infomoney/public/css/infomoney-public.css?ver=1.0.0 without a browsingContextID set
JavaScript error: resource://devtools/server/actors/network-monitor/network-event-actor.js, line 108: Error: Got a request https://www.infomoney.com.br/wp-content/themes/infomoney/css/vendor/select2.min.css?ver=5.8.1 without a browsingContextID set
JavaScript error: resource://devtools/server/actors/network-monitor/network-event-actor.js, line 108: Error: Got a request https://www.infomoney.com.br/wp-content/themes/infomoney/css/templates/widget-advertising.css?ver=2.8 without a browsingContextID set
JavaScript error: resource://devtools/server/actors/network-monitor/network-event-actor.js, line 108: Error: Got a request https://www.infomoney.com.br/wp-content/themes/infomoney/css/vendor/bootstrap.min.css?ver=2.8 without a browsingContextID set
JavaScript error: resource://devtools/server/actors/network-monitor/network-event-actor.js, line 108: Error: Got a request https://www.infomoney.com.br/wp-content/themes/infomoney/style.css?ver=2.8 without a browsingContextID set
JavaScript error: resource://devtools/server/actors/network-monitor/network-event-actor.js, line 108: Error: Got a request https://fonts.googleapis.com/css2?family=Material+Icons&display=swap&ver=5.8.1 without a browsingContextID set
JavaScript error: resource://devtools/server/actors/network-monitor/network-event-actor.js, line 108: Error: Got a request https://fonts.googleapis.com/css2?family=Material+Icons&display=swap&ver=5.8.1 without a browsingContextID set
JavaScript error: resource://devtools/server/actors/network-monitor/network-event-actor.js, line 108: Error: Got a request https://www.infomoney.com.br/wp-content/themes/infomoney/css/templates/widget-ticker.css?ver=2.8 without a browsingContextID set
JavaScript error: resource://devtools/shared/DevToolsUtils.js, line 670: NS_ERROR_NOT_AVAILABLE: Failed to open input source 'javascript:fechaFlash();'
console.log: WebExtensions: reset-default-search: starting.
console.log: WebExtensions: reset-default-search: No addons in our list are installed.
console.error: "Error while calling actor 'layout's method 'getGrids'" "node is null"
console.error: (new TypeError("node is null", "resource://devtools/server/actors/layout.js", 502))
JavaScript error: resource://gre/modules/AsyncShutdown.jsm, line 575: NotFoundError: No such JSWindowActor 'MarionetteEvents'
1636230379827	Marionette	INFO	Stopped listening on port 61573
" "-profile" "C:\\Users\\leandro\\AppData\\Local\\Temp\\rust_mozprofileSUwOFl"
1636230373790	Marionette	INFO	Marionette enabled
console.warn: SearchSettings: "get: No settings file exists, new profile?" (new NotFoundError("Could not open the file at C:\\Users\\leandro\\AppData\\Local\\Temp\\rust_mozprofileSUwOFl\\search.json.mozlz4", (void 0)))
1636230379106	Marionette	INFO	Listening on port 55462
1636230379907	Marionette	WARN	TLS certificate errors will be ignored for this session

###!!! [Parent][MessageChannel] Error: (msgtype=0x1F0011,name=PBackgroundStorage::Msg_Observe) Channel error: cannot send/recv


###!!! [Parent][MessageChannel] Error: (msgtype=0x1F0011,name=PBackgroundStorage::Msg_Observe) Channel error: cannot send/recv

1636230385565	Marionette	INFO	Stopped listening on port 55462
1636230385735	geckodriver	INFO	Listening on 127.0.0.1:55511
1636230388768	mozrunner::runner	INFO	Running command: "C:\\Program Files\\Mozilla Firefox\\firefox.exe" "--marionette" "-no-remote" "-profile" "C:\\Users\\leandro\\AppData\\Local\\Temp\\rust_mozprofileeaEYYB"
1636230389542	Marionette	INFO	Marionette enabled
console.warn: SearchSettings: "get: No settings file exists, new profile?" (new NotFoundError("Could not open the file at C:\\Users\\leandro\\AppData\\Local\\Temp\\rust_mozprofileeaEYYB\\search.json.mozlz4", (void 0)))
1636230393151	Marionette	INFO	Listening on port 55519
1636230393617	Marionette	WARN	TLS certificate errors will be ignored for this session
JavaScript error: https://www.infomoney.com.br/wp-content/mu-plugins/jetpack-10.3/_inc/build/infinite-scroll/infinity.min.js?ver=10.3-is5.0.1, line 3: TypeError: this.element is null
JavaScript error: , line 0: TypeError: NetworkError when attempting to fetch resource.
JavaScript error: , line 0: TypeError: NetworkError when attempting to fetch resource.
JavaScript error: https://www.infomoney.com.br/wp-content/mu-plugins/jetpack-10.3/_inc/build/infinite-scroll/infinity.min.js?ver=10.3-is5.0.1, line 3: TypeError: this.element is null
JavaScript error: , line 0: TypeError: NetworkError when attempting to fetch resource.
JavaScript error: , line 0: TypeError: NetworkError when attempting to fetch resource.
JavaScript error: , line 0: TypeError: NetworkError when attempting to fetch resource.
JavaScript error: , line 0: TypeError: NetworkError when attempting to fetch resource.
JavaScript error: , line 0: TypeError: NetworkError when attempting to fetch resource.
JavaScript error: , line 0: TypeError: NetworkError when attempting to fetch resource.
JavaScript error: , line 0: TypeError: NetworkError when attempting to fetch resource.
JavaScript error: , line 0: TypeError: NetworkError when attempting to fetch resource.
JavaScript error: , line 0: TypeError: NetworkError when attempting to fetch resource.
JavaScript error: https://www.infomoney.com.br/wp-content/mu-plugins/jetpack-10.3/_inc/build/infinite-scroll/infinity.min.js?ver=10.3-is5.0.1, line 3: TypeError: this.element is null
JavaScript error: , line 0: TypeError: NetworkError when attempting to fetch resource.
JavaScript error: , line 0: TypeError: NetworkError when attempting to fetch resource.
JavaScript error: , line 0: TypeError: NetworkError when attempting to fetch resource.
JavaScript error: , line 0: TypeError: NetworkError when attempting to fetch resource.
JavaScript error: https://www.infomoney.com.br/wp-content/mu-plugins/jetpack-10.3/_inc/build/infinite-scroll/infinity.min.js?ver=10.3-is5.0.1, line 3: TypeError: this.element is null
JavaScript error: , line 0: TypeError: NetworkError when attempting to fetch resource.
JavaScript error: , line 0: TypeError: NetworkError when attempting to fetch resource.
JavaScript error: , line 0: TypeError: NetworkError when attempting to fetch resource.
JavaScript error: , line 0: TypeError: NetworkError when attempting to fetch resource.
JavaScript error: , line 0: TypeError: NetworkError when attempting to fetch resource.
JavaScript error: resource://gre/modules/AsyncShutdown.jsm, line 575: NotFoundError: No such JSWindowActor 'MarionetteEvents'
JavaScript error: resource://gre/modules/AsyncShutdown.jsm, line 575: NotFoundError: No such JSWindowActor 'MarionetteEvents'
JavaScript error: resource://gre/modules/AsyncShutdown.jsm, line 575: NotFoundError: No such JSWindowActor 'MarionetteEvents'
JavaScript error: resource://gre/modules/AsyncShutdown.jsm, line 575: NotFoundError: No such JSWindowActor 'MarionetteEvents'
JavaScript error: resource://gre/modules/AsyncShutdown.jsm, line 575: NotFoundError: No such JSWindowActor 'MarionetteEvents'
JavaScript error: resource://gre/modules/AsyncShutdown.jsm, line 575: NotFoundError: No such JSWindowActor 'MarionetteEvents'
JavaScript error: resource://gre/modules/AsyncShutdown.jsm, line 575: NotFoundError: No such JSWindowActor 'MarionetteEvents'
JavaScript error: resource://gre/modules/AsyncShutdown.jsm, line 575: NotFoundError: No such JSWindowActor 'MarionetteEvents'
JavaScript error: resource://gre/modules/AsyncShutdown.jsm, line 575: NotFoundError: No such JSWindowActor 'MarionetteEvents'
JavaScript error: resource://gre/modules/AsyncShutdown.jsm, line 575: NotFoundError: No such JSWindowActor 'MarionetteEvents'
JavaScript error: , line 0: TypeError: NetworkError when attempting to fetch resource.
JavaScript error: , line 0: TypeError: NetworkError when attempting to fetch resource.
JavaScript error: , line 0: TypeError: NetworkError when attempting to fetch resource.
JavaScript error: , line 0: TypeError: NetworkError when attempting to fetch resource.
JavaScript error: , line 0: TypeError: NetworkError when attempting to fetch resource.
[Child 20964, IPC I/O Child] WARNING: pipe error: 232: file /builds/worker/checkouts/gecko/ipc/chromium/src/chrome/common/ipc_channel_win.cc:544

###!!! [Child][MessageChannel] Error: (msgtype=0x390141,name=PContent::Msg_ScriptError) Channel closing: too late to send/recv, messages will be lost


###!!! [Child][MessageChannel] Error: (msgtype=0x390141,name=PContent::Msg_ScriptError) Channel closing: too late to send/recv, messages will be lost


###!!! [Child][RunMessage] Error: Channel closing: too late to send/recv, messages will be lost

1636230880426	Marionette	INFO	Stopped listening on port 55519
1636304189056	geckodriver	INFO	Listening on 127.0.0.1:61345
1636304191910	mozrunner::runner	INFO	Running command: "C:\\Program Files\\Mozilla Firefox\\firefox.exe" "--marionette" "-no-remote" "-profile" "C:\\Users\\leandro\\AppData\\Local\\Temp\\rust_mozprofileCZ0n4a"
1636304193936	Marionette	INFO	Marionette enabled
console.warn: SearchSettings: "get: No settings file exists, new profile?" (new NotFoundError("Could not open the file at C:\\Users\\leandro\\AppData\\Local\\Temp\\rust_mozprofileCZ0n4a\\search.json.mozlz4", (void 0)))
1636304199554	Marionette	INFO	Listening on port 61357
1636304199881	Marionette	WARN	TLS certificate errors will be ignored for this session
JavaScript error: , line 0: TypeError: NetworkError when attempting to fetch resource.
JavaScript error: , line 0: TypeError: NetworkError when attempting to fetch resource.
1636304264483	Marionette	WARN	Ignoring event 'DOMContentLoaded' because document has an invalid readyState of 'complete'.
JavaScript error: , line 0: TypeError: NetworkError when attempting to fetch resource.
JavaScript error: , line 0: TypeError: NetworkError when attempting to fetch resource.
JavaScript error: , line 0: TypeError: NetworkError when attempting to fetch resource.
JavaScript error: https://www.infomoney.com.br/wp-content/mu-plugins/jetpack-10.3/_inc/build/infinite-scroll/infinity.min.js?ver=10.3-is5.0.1, line 3: TypeError: this.element is null
JavaScript error: , line 0: uncaught exception: 5
JavaScript error: , line 0: TypeError: NetworkError when attempting to fetch resource.
JavaScript error: , line 0: TypeError: NetworkError when attempting to fetch resource.
JavaScript error: , line 0: TypeError: NetworkError when attempting to fetch resource.
JavaScript error: , line 0: TypeError: NetworkError when attempting to fetch resource.
JavaScript error: , line 0: TypeError: NetworkError when attempting to fetch resource.
JavaScript error: , line 0: TypeError: NetworkError when attempting to fetch resource.
JavaScript error: , line 0: TypeError: NetworkError when attempting to fetch resource.
JavaScript error: , line 0: TypeError: NetworkError when attempting to fetch resource.
JavaScript error: , line 0: TypeError: NetworkError when attempting to fetch resource.
JavaScript error: , line 0: TypeError: NetworkError when attempting to fetch resource.
JavaScript error: , line 0: TypeError: NetworkError when attempting to fetch resource.
JavaScript error: https://www.infomoney.com.br/wp-content/mu-plugins/jetpack-10.3/_inc/build/infinite-scroll/infinity.min.js?ver=10.3-is5.0.1, line 3: TypeError: this.element is null
JavaScript error: , line 0: TypeError: NetworkError when attempting to fetch resource.
JavaScript error: , line 0: TypeError: NetworkError when attempting to fetch resource.
JavaScript error: , line 0: TypeError: NetworkError when attempting to fetch resource.
JavaScript error: , line 0: TypeError: NetworkError when attempting to fetch resource.
IPDL protocol error: Handler returned error code!

###!!! [Parent][DispatchAsyncMessage] Error: PMessagePort::Msg_PostMessages Processing error: message was deserialized, but the handler returned false (indicating failure)

JavaScript error: https://www.infomoney.com.br/wp-content/mu-plugins/jetpack-10.3/_inc/build/infinite-scroll/infinity.min.js?ver=10.3-is5.0.1, line 3: TypeError: this.element is null
JavaScript error: , line 0: TypeError: NetworkError when attempting to fetch resource.
JavaScript error: , line 0: TypeError: NetworkError when attempting to fetch resource.
JavaScript error: , line 0: TypeError: NetworkError when attempting to fetch resource.
JavaScript error: , line 0: TypeError: NetworkError when attempting to fetch resource.
JavaScript error: , line 0: TypeError: NetworkError when attempting to fetch resource.
JavaScript error: , line 0: TypeError: NetworkError when attempting to fetch resource.
JavaScript error: , line 0: TypeError: NetworkError when attempting to fetch resource.
JavaScript error: , line 0: TypeError: NetworkError when attempting to fetch resource.
JavaScript error: , line 0: TypeError: NetworkError when attempting to fetch resource.
JavaScript error: , line 0: TypeError: NetworkError when attempting to fetch resource.
JavaScript error: , line 0: TypeError: NetworkError when attempting to fetch resource.
JavaScript error: , line 0: TypeError: NetworkError when attempting to fetch resource.
JavaScript error: , line 0: TypeError: NetworkError when attempting to fetch resource.
JavaScript error: https://www.infomoney.com.br/wp-content/mu-plugins/jetpack-10.3/_inc/build/infinite-scroll/infinity.min.js?ver=10.3-is5.0.1, line 3: TypeError: this.element is null
JavaScript error: , line 0: TypeError: NetworkError when attempting to fetch resource.
JavaScript error: , line 0: TypeError: NetworkError when attempting to fetch resource.
console.log: WebExtensions: reset-default-search: starting.
console.log: WebExtensions: reset-default-search: No addons in our list are installed.
JavaScript error: , line 0: TypeError: NetworkError when attempting to fetch resource.
JavaScript error: , line 0: TypeError: NetworkError when attempting to fetch resource.
JavaScript error: , line 0: TypeError: NetworkError when attempting to fetch resource.
JavaScript error: , line 0: TypeError: NetworkError when attempting to fetch resource.

###!!! [Parent][RunMessage] Error: Channel closing: too late to send/recv, messages will be lost

JavaScript error: resource://devtools/server/actors/network-monitor/network-event-actor.js, line 108: Error: Got a request https://www.infomoney.com.br/wp-content/mu-plugins/jetpack-10.3/modules/infinite-scroll/infinity.css?ver=20140422 without a browsingContextID set
JavaScript error: resource://devtools/server/actors/network-monitor/network-event-actor.js, line 108: Error: Got a request https://www.infomoney.com.br/wp-content/themes/infomoney/css/templates/quotes.css?ver=2.8 without a browsingContextID set
JavaScript error: resource://devtools/server/actors/network-monitor/network-event-actor.js, line 108: Error: Got a request https://www.infomoney.com.br/wp-content/themes/infomoney/css/vendor/jquery.ui.base.min.css?ver=5.8.1 without a browsingContextID set
JavaScript error: resource://devtools/server/actors/network-monitor/network-event-actor.js, line 108: Error: Got a request https://www.infomoney.com.br/wp-content/themes/infomoney/css/vendor/jquery.ui.theme.min.css?ver=5.8.1 without a browsingContextID set
JavaScript error: resource://devtools/server/actors/network-monitor/network-event-actor.js, line 108: Error: Got a request https://www.infomoney.com.br/wp-content/themes/infomoney/css/vendor/jquery.dataTables.min.css?ver=5.8.1 without a browsingContextID set
JavaScript error: resource://devtools/server/actors/network-monitor/network-event-actor.js, line 108: Error: Got a request https://www.infomoney.com.br/wp-includes/js/mediaelement/mediaelementplayer-legacy.min.css?ver=4.2.16 without a browsingContextID set
JavaScript error: resource://devtools/server/actors/network-monitor/network-event-actor.js, line 108: Error: Got a request https://www.infomoney.com.br/wp-includes/js/mediaelement/wp-mediaelement.min.css?ver=5.8.1 without a browsingContextID set
JavaScript error: resource://devtools/server/actors/network-monitor/network-event-actor.js, line 108: Error: Got a request https://www.infomoney.com.br/wp-content/plugins/infomoney/public/css/infomoney-public.css?ver=1.0.0 without a browsingContextID set
JavaScript error: resource://devtools/server/actors/network-monitor/network-event-actor.js, line 108: Error: Got a request https://www.infomoney.com.br/wp-content/themes/infomoney/css/vendor/select2.min.css?ver=5.8.1 without a browsingContextID set
JavaScript error: resource://devtools/server/actors/network-monitor/network-event-actor.js, line 108: Error: Got a request https://www.infomoney.com.br/wp-content/themes/infomoney/css/templates/widget-advertising.css?ver=2.8 without a browsingContextID set
JavaScript error: resource://devtools/server/actors/network-monitor/network-event-actor.js, line 108: Error: Got a request https://www.infomoney.com.br/wp-content/themes/infomoney/css/vendor/bootstrap.min.css?ver=2.8 without a browsingContextID set
JavaScript error: resource://devtools/server/actors/network-monitor/network-event-actor.js, line 108: Error: Got a request https://www.infomoney.com.br/wp-content/themes/infomoney/style.css?ver=2.8 without a browsingContextID set
JavaScript error: resource://devtools/server/actors/network-monitor/network-event-actor.js, line 108: Error: Got a request https://fonts.googleapis.com/css2?family=Material+Icons&display=swap&ver=5.8.1 without a browsingContextID set
JavaScript error: resource://devtools/server/actors/network-monitor/network-event-actor.js, line 108: Error: Got a request https://fonts.googleapis.com/css2?family=Material+Icons&display=swap&ver=5.8.1 without a browsingContextID set
JavaScript error: resource://devtools/server/actors/network-monitor/network-event-actor.js, line 108: Error: Got a request https://www.infomoney.com.br/wp-content/themes/infomoney/css/templates/widget-ticker.css?ver=2.8 without a browsingContextID set
JavaScript error: , line 0: TypeError: NetworkError when attempting to fetch resource.
JavaScript error: , line 0: TypeError: NetworkError when attempting to fetch resource.
JavaScript error: , line 0: TypeError: NetworkError when attempting to fetch resource.
JavaScript error: , line 0: TypeError: NetworkError when attempting to fetch resource.
JavaScript error: , line 0: TypeError: NetworkError when attempting to fetch resource.
JavaScript error: , line 0: TypeError: NetworkError when attempting to fetch resource.
JavaScript error: , line 0: TypeError: NetworkError when attempting to fetch resource.
JavaScript error: , line 0: TypeError: NetworkError when attempting to fetch resource.
JavaScript error: , line 0: TypeError: NetworkError when attempting to fetch resource.
JavaScript error: , line 0: TypeError: NetworkError when attempting to fetch resource.
JavaScript error: , line 0: TypeError: NetworkError when attempting to fetch resource.
JavaScript error: , line 0: TypeError: error loading dynamically imported module
JavaScript error: , line 0: TypeError: NetworkError when attempting to fetch resource.
JavaScript error: , line 0: TypeError: NetworkError when attempting to fetch resource.
JavaScript error: , line 0: TypeError: NetworkError when attempting to fetch resource.
JavaScript error: , line 0: TypeError: NetworkError when attempting to fetch resource.
JavaScript error: , line 0: AbortError: The operation was aborted. 
JavaScript error: , line 0: TypeError: NetworkError when attempting to fetch resource.
JavaScript error: https://www.infomoney.com.br/wp-content/mu-plugins/jetpack-10.3/_inc/build/infinite-scroll/infinity.min.js?ver=10.3-is5.0.1, line 3: TypeError: this.element is null
JavaScript error: , line 0: TypeError: NetworkError when attempting to fetch resource.
JavaScript error: , line 0: TypeError: NetworkError when attempting to fetch resource.
JavaScript error: , line 0: TypeError: NetworkError when attempting to fetch resource.
JavaScript error: , line 0: TypeError: NetworkError when attempting to fetch resource.
JavaScript error: , line 0: TypeError: NetworkError when attempting to fetch resource.
JavaScript error: , line 0: TypeError: NetworkError when attempting to fetch resource.
JavaScript error: , line 0: TypeError: NetworkError when attempting to fetch resource.
JavaScript error: , line 0: TypeError: NetworkError when attempting to fetch resource.
1636305263048	Marionette	WARN	Ignoring event 'DOMContentLoaded' because document has an invalid readyState of 'complete'.
JavaScript error: , line 0: TypeError: NetworkError when attempting to fetch resource.
JavaScript error: , line 0: TypeError: NetworkError when attempting to fetch resource.
JavaScript error: resource://gre/modules/AsyncShutdown.jsm, line 575: NotFoundError: No such JSWindowActor 'MarionetteEvents'
JavaScript error: resource://gre/modules/AsyncShutdown.jsm, line 575: NotFoundError: No such JSWindowActor 'MarionetteEvents'
JavaScript error: resource://gre/modules/AsyncShutdown.jsm, line 575: NotFoundError: No such JSWindowActor 'MarionetteEvents'
JavaScript error: resource://gre/modules/AsyncShutdown.jsm, line 575: NotFoundError: No such JSWindowActor 'MarionetteEvents'
JavaScript error: resource://gre/modules/AsyncShutdown.jsm, line 575: NotFoundError: No such JSWindowActor 'MarionetteEvents'
JavaScript error: resource://gre/modules/AsyncShutdown.jsm, line 575: NotFoundError: No such JSWindowActor 'MarionetteEvents'
JavaScript error: resource://gre/modules/AsyncShutdown.jsm, line 575: NotFoundError: No such JSWindowActor 'MarionetteEvents'
JavaScript error: , line 0: TypeError: NetworkError when attempting to fetch resource.
JavaScript error: , line 0: TypeError: NetworkError when attempting to fetch resource.
JavaScript error: , line 0: TypeError: NetworkError when attempting to fetch resource.
JavaScript error: , line 0: TypeError: NetworkError when attempting to fetch resource.
JavaScript error: , line 0: TypeError: NetworkError when attempting to fetch resource.
1636307445734	Marionette	INFO	Stopped listening on port 61357

###!!! [Child][RunMessage] Error: Channel closing: too late to send/recv, messages will be lost

1636307541075	geckodriver	INFO	Listening on 127.0.0.1:59183
1636307544078	mozrunner::runner	INFO	Running command: "C:\\Program Files\\Mozilla Firefox\\firefox.exe" "--marionette" "-no-remote" "-profile" "C:\\Users\\leandro\\AppData\\Local\\Temp\\rust_mozprofileFkBzyu"
1636307545264	Marionette	INFO	Marionette enabled
console.warn: SearchSettings: "get: No settings file exists, new profile?" (new NotFoundError("Could not open the file at C:\\Users\\leandro\\AppData\\Local\\Temp\\rust_mozprofileFkBzyu\\search.json.mozlz4", (void 0)))
1636307549304	Marionette	INFO	Listening on port 59192
1636307549604	Marionette	WARN	TLS certificate errors will be ignored for this session
JavaScript error: , line 0: TypeError: NetworkError when attempting to fetch resource.
JavaScript error: , line 0: TypeError: NetworkError when attempting to fetch resource.
JavaScript error: , line 0: TypeError: NetworkError when attempting to fetch resource.
JavaScript error: https://www.infomoney.com.br/wp-content/mu-plugins/jetpack-10.3/_inc/build/infinite-scroll/infinity.min.js?ver=10.3-is5.0.1, line 3: TypeError: this.element is null
JavaScript error: , line 0: TypeError: NetworkError when attempting to fetch resource.
JavaScript error: , line 0: TypeError: NetworkError when attempting to fetch resource.
JavaScript error: , line 0: TypeError: NetworkError when attempting to fetch resource.
JavaScript error: , line 0: TypeError: NetworkError when attempting to fetch resource.
console.log: WebExtensions: reset-default-search: starting.
console.log: WebExtensions: reset-default-search: No addons in our list are installed.
JavaScript error: , line 0: TypeError: NetworkError when attempting to fetch resource.
JavaScript error: , line 0: TypeError: NetworkError when attempting to fetch resource.
JavaScript error: , line 0: TypeError: NetworkError when attempting to fetch resource.
JavaScript error: , line 0: TypeError: NetworkError when attempting to fetch resource.
JavaScript error: , line 0: uncaught exception: 5
JavaScript error: , line 0: TypeError: NetworkError when attempting to fetch resource.
JavaScript error: , line 0: TypeError: NetworkError when attempting to fetch resource.
JavaScript error: , line 0: TypeError: NetworkError when attempting to fetch resource.
JavaScript error: https://www.infomoney.com.br/wp-content/mu-plugins/jetpack-10.3/_inc/build/infinite-scroll/infinity.min.js?ver=10.3-is5.0.1, line 3: TypeError: this.element is null
JavaScript error: , line 0: TypeError: NetworkError when attempting to fetch resource.
JavaScript error: , line 0: TypeError: NetworkError when attempting to fetch resource.
JavaScript error: , line 0: TypeError: NetworkError when attempting to fetch resource.
JavaScript error: , line 0: TypeError: NetworkError when attempting to fetch resource.
JavaScript error: , line 0: TypeError: NetworkError when attempting to fetch resource.
JavaScript error: https://www.infomoney.com.br/wp-content/mu-plugins/jetpack-10.3/_inc/build/infinite-scroll/infinity.min.js?ver=10.3-is5.0.1, line 3: TypeError: this.element is null
JavaScript error: , line 0: TypeError: NetworkError when attempting to fetch resource.
JavaScript error: , line 0: TypeError: NetworkError when attempting to fetch resource.
JavaScript error: , line 0: TypeError: NetworkError when attempting to fetch resource.
JavaScript error: , line 0: TypeError: NetworkError when attempting to fetch resource.
